GROUP,PACKAGE,CLASS,INSTRUCTION_MISSED,INSTRUCTION_COVERED,BRANCH_MISSED,BRANCH_COVERED,LINE_MISSED,LINE_COVERED,COMPLEXITY_MISSED,COMPLEXITY_COVERED,METHOD_MISSED,METHOD_COVERED
lib,edu.odu.cs.cs350.namex.tools,TagUtil,3,92,0,4,1,17,1,5,1,3
lib,edu.odu.cs.cs350.namex,Token.TokenClassification,27,0,0,0,5,0,1,0,1,0
lib,edu.odu.cs.cs350.namex,ExtractionDriver,41,0,5,0,10,0,5,0,2,0
lib,edu.odu.cs.cs350.namex,Token,0,13,0,0,0,6,0,4,0,4
lib,edu.odu.cs.cs350.namex,Block,20,77,2,6,4,17,2,7,0,5
lib,edu.odu.cs.cs350.namex,FeatureSet,3,0,0,0,2,0,1,0,1,0
lib,edu.odu.cs.cs350.namex,Archivist,123,260,9,17,36,66,11,14,5,7
